# JRE version: OpenJDK Runtime Environment (11.0.5+10) (build 11.0.5+10-LTS)
# Java VM: OpenJDK 64-Bit Server VM (11.0.5+10-LTS, mixed mode, tiered, compressed oops, g1 gc, windows-amd64)
Heap:
 garbage-first heap   total 157696K, used 15448K [0x0000000081c00000, 0x0000000100000000)
  region size 1024K, 3 young (3072K), 3 survivors (3072K)
 Metaspace       used 34668K, capacity 35832K, committed 35888K, reserved 1081344K
  class space    used 4229K, capacity 4725K, committed 4736K, reserved 1048576K
GC Heap History (13 events):
Event: 1.645 GC heap before
{Heap before GC invocations=0 (full 0):
 garbage-first heap   total 131072K, used 24576K [0x0000000081c00000, 0x0000000100000000)
  region size 1024K, 24 young (24576K), 0 survivors (0K)
 Metaspace       used 14590K, capacity 14950K, committed 15104K, reserved 1062912K
  class space    used 1528K, capacity 1666K, committed 1792K, reserved 1048576K
}
Event: 1.654 GC heap after
{Heap after GC invocations=1 (full 0):
 garbage-first heap   total 131072K, used 7147K [0x0000000081c00000, 0x0000000100000000)
  region size 1024K, 3 young (3072K), 3 survivors (3072K)
 Metaspace       used 14590K, capacity 14950K, committed 15104K, reserved 1062912K
  class space    used 1528K, capacity 1666K, committed 1792K, reserved 1048576K
}
Event: 1.961 GC heap before
{Heap before GC invocations=1 (full 0):
 garbage-first heap   total 131072K, used 25579K [0x0000000081c00000, 0x0000000100000000)
  region size 1024K, 21 young (21504K), 3 survivors (3072K)
 Metaspace       used 17530K, capacity 17994K, committed 18176K, reserved 1064960K
  class space    used 1981K, capacity 2204K, committed 2304K, reserved 1048576K
}
Event: 1.965 GC heap after
{Heap after GC invocations=2 (full 0):
 garbage-first heap   total 131072K, used 8084K [0x0000000081c00000, 0x0000000100000000)
  region size 1024K, 1 young (1024K), 1 survivors (1024K)
 Metaspace       used 17530K, capacity 17994K, committed 18176K, reserved 1064960K
  class space    used 1981K, capacity 2204K, committed 2304K, reserved 1048576K
}
Event: 2.090 GC heap before
{Heap before GC invocations=2 (full 0):
 garbage-first heap   total 131072K, used 24468K [0x0000000081c00000, 0x0000000100000000)
  region size 1024K, 19 young (19456K), 1 survivors (1024K)
 Metaspace       used 20591K, capacity 21106K, committed 21296K, reserved 1069056K
  class space    used 2332K, capacity 2564K, committed 2688K, reserved 1048576K
}
Event: 2.093 GC heap after
{Heap after GC invocations=3 (full 0):
 garbage-first heap   total 131072K, used 8589K [0x0000000081c00000, 0x0000000100000000)
  region size 1024K, 2 young (2048K), 2 survivors (2048K)
 Metaspace       used 20591K, capacity 21106K, committed 21296K, reserved 1069056K
  class space    used 2332K, capacity 2564K, committed 2688K, reserved 1048576K
}
Event: 2.318 GC heap before
{Heap before GC invocations=4 (full 0):
 garbage-first heap   total 131072K, used 60813K [0x0000000081c00000, 0x0000000100000000)
  region size 1024K, 54 young (55296K), 2 survivors (2048K)
 Metaspace       used 23088K, capacity 23865K, committed 23984K, reserved 1071104K
  class space    used 2693K, capacity 2975K, committed 3072K, reserved 1048576K
}
Event: 2.324 GC heap after
{Heap after GC invocations=5 (full 0):
 garbage-first heap   total 131072K, used 9609K [0x0000000081c00000, 0x0000000100000000)
  region size 1024K, 3 young (3072K), 3 survivors (3072K)
 Metaspace       used 23088K, capacity 23865K, committed 23984K, reserved 1071104K
  class space    used 2693K, capacity 2975K, committed 3072K, reserved 1048576K
}
Event: 3.227 GC heap before
{Heap before GC invocations=5 (full 0):
 garbage-first heap   total 131072K, used 77193K [0x0000000081c00000, 0x0000000100000000)
  region size 1024K, 69 young (70656K), 3 survivors (3072K)
 Metaspace       used 29346K, capacity 30395K, committed 30640K, reserved 1075200K
  class space    used 3600K, capacity 3977K, committed 4096K, reserved 1048576K
}
Event: 3.235 GC heap after
{Heap after GC invocations=6 (full 0):
 garbage-first heap   total 131072K, used 12674K [0x0000000081c00000, 0x0000000100000000)
  region size 1024K, 6 young (6144K), 6 survivors (6144K)
 Metaspace       used 29346K, capacity 30395K, committed 30640K, reserved 1075200K
  class space    used 3600K, capacity 3977K, committed 4096K, reserved 1048576K
}
Event: 3.599 GC heap before
{Heap before GC invocations=6 (full 0):
 garbage-first heap   total 131072K, used 83330K [0x0000000081c00000, 0x0000000100000000)
  region size 1024K, 76 young (77824K), 6 survivors (6144K)
 Metaspace       used 33450K, capacity 34640K, committed 34736K, reserved 1079296K
  class space    used 4095K, capacity 4605K, committed 4608K, reserved 1048576K
}
Event: 3.607 GC heap after
{Heap after GC invocations=7 (full 0):
 garbage-first heap   total 131072K, used 14651K [0x0000000081c00000, 0x0000000100000000)
  region size 1024K, 7 young (7168K), 7 survivors (7168K)
 Metaspace       used 33450K, capacity 34640K, committed 34736K, reserved 1079296K
  class space    used 4095K, capacity 4605K, committed 4608K, reserved 1048576K
}
Event: 3.674 GC heap before
{Heap before GC invocations=7 (full 0):
 garbage-first heap   total 131072K, used 19771K [0x0000000081c00000, 0x0000000100000000)
  region size 1024K, 14 young (14336K), 7 survivors (7168K)
 Metaspace       used 34668K, capacity 35832K, committed 35888K, reserved 1081344K
  class space    used 4229K, capacity 4725K, committed 4736K, reserved 1048576K
}

